Copyright 1986-2018 Xilinx, Inc. All Rights Reserved.
-----------------------------------------------------------------------------------------------------------------------------------------------------------------------
| Tool Version : Vivado v.2018.1 (win64) Build 2188600 Wed Apr  4 18:40:38 MDT 2018
| Date         : Tue Jul 24 09:20:51 2018
| Host         : DESKTOP-EPHBFNF running 64-bit major release  (build 9200)
| Command      : report_methodology -file preset_LFSR_methodology_drc_routed.rpt -pb preset_LFSR_methodology_drc_routed.pb -rpx preset_LFSR_methodology_drc_routed.rpx
| Design       : preset_LFSR
| Device       : xc7a50tfgg484-3
| Speed File   : -3
| Design State : Routed
-----------------------------------------------------------------------------------------------------------------------------------------------------------------------

Report Methodology

Table of Contents
-----------------
1. REPORT SUMMARY
2. REPORT DETAILS

1. REPORT SUMMARY
-----------------
            Netlist: netlist
          Floorplan: design_1
      Design limits: <entire design considered>
             Max violations: <unlimited>
             Violations found: 1
+----------+----------+----------------------------------+------------+
| Rule     | Severity | Description                      | Violations |
+----------+----------+----------------------------------+------------+
| TIMING-2 | Warning  | Invalid primary clock source pin | 1          |
+----------+----------+----------------------------------+------------+

2. REPORT DETAILS
-----------------
TIMING-2#1 Warning
Invalid primary clock source pin  
A primary clock inst0/inst/clk_in1 is created on an inappropriate pin inst0/inst/clk_in1. It is recommended to create a primary clock only on a proper clock source (input port or primitive output pin with no timing arc)
Related violations: <none>


