
*** Running vivado
    with args -log preset_LFSR.vds -m64 -product Vivado -mode batch -messageDb vivado.pb -notrace -source preset_LFSR.tcl


****** Vivado v2018.1 (64-bit)
  **** SW Build 2188600 on Wed Apr  4 18:40:38 MDT 2018
  **** IP Build 2185939 on Wed Apr  4 20:55:05 MDT 2018
    ** Copyright 1986-2018 Xilinx, Inc. All Rights Reserved.

source preset_LFSR.tcl -notrace
Command: synth_design -top preset_LFSR -part xc7a50tfgg484-3
Starting synth_design
Attempting to get a license for feature 'Synthesis' and/or device 'xc7a50t'
INFO: [Common 17-349] Got license for feature 'Synthesis' and/or device 'xc7a50t'
INFO: Launching helper process for spawning children vivado processes
INFO: Helper process launched with PID 5816 
---------------------------------------------------------------------------------
Starting RTL Elaboration : Time (s): cpu = 00:00:06 ; elapsed = 00:00:06 . Memory (MB): peak = 444.230 ; gain = 98.211
---------------------------------------------------------------------------------
INFO: [Synth 8-6157] synthesizing module 'preset_LFSR' [C:/Users/Chris/Desktop/Research/Boost_Control/Boost_Control.srcs/sources_1/new/preset_LFSR.v:23]
INFO: [Synth 8-6157] synthesizing module 'IBUFDS' [C:/Xilinx/Vivado/2018.1/scripts/rt/data/unisim_comp.v:19487]
	Parameter CAPACITANCE bound to: DONT_CARE - type: string 
	Parameter DIFF_TERM bound to: FALSE - type: string 
	Parameter DQS_BIAS bound to: FALSE - type: string 
	Parameter IBUF_DELAY_VALUE bound to: 0 - type: string 
	Parameter IBUF_LOW_PWR bound to: FALSE - type: string 
	Parameter IFD_DELAY_VALUE bound to: AUTO - type: string 
	Parameter IOSTANDARD bound to: LVDS_25 - type: string 
INFO: [Synth 8-6155] done synthesizing module 'IBUFDS' (1#1) [C:/Xilinx/Vivado/2018.1/scripts/rt/data/unisim_comp.v:19487]
INFO: [Synth 8-6157] synthesizing module 'clk_wiz_0' [C:/Users/Chris/Desktop/Research/Boost_Control/Boost_Control.runs/synth_1/.Xil/Vivado-11192-DESKTOP-EPHBFNF/realtime/clk_wiz_0_stub.v:5]
INFO: [Synth 8-6155] done synthesizing module 'clk_wiz_0' (2#1) [C:/Users/Chris/Desktop/Research/Boost_Control/Boost_Control.runs/synth_1/.Xil/Vivado-11192-DESKTOP-EPHBFNF/realtime/clk_wiz_0_stub.v:5]
INFO: [Synth 8-6157] synthesizing module 'LFSR' [C:/Users/Chris/Desktop/Research/Boost_Control/Boost_Control.srcs/sources_1/new/LFSR.v:23]
INFO: [Synth 8-6155] done synthesizing module 'LFSR' (3#1) [C:/Users/Chris/Desktop/Research/Boost_Control/Boost_Control.srcs/sources_1/new/LFSR.v:23]
INFO: [Synth 8-6155] done synthesizing module 'preset_LFSR' (4#1) [C:/Users/Chris/Desktop/Research/Boost_Control/Boost_Control.srcs/sources_1/new/preset_LFSR.v:23]
---------------------------------------------------------------------------------
Finished RTL Elaboration : Time (s): cpu = 00:00:07 ; elapsed = 00:00:07 . Memory (MB): peak = 499.301 ; gain = 153.281
---------------------------------------------------------------------------------

Report Check Netlist: 
+------+------------------+-------+---------+-------+------------------+
|      |Item              |Errors |Warnings |Status |Description       |
+------+------------------+-------+---------+-------+------------------+
|1     |multi_driven_nets |      0|        0|Passed |Multi driven nets |
+------+------------------+-------+---------+-------+------------------+
---------------------------------------------------------------------------------
Start Handling Custom Attributes
---------------------------------------------------------------------------------
---------------------------------------------------------------------------------
Finished Handling Custom Attributes : Time (s): cpu = 00:00:07 ; elapsed = 00:00:08 . Memory (MB): peak = 499.301 ; gain = 153.281
---------------------------------------------------------------------------------
---------------------------------------------------------------------------------
Finished RTL Optimization Phase 1 : Time (s): cpu = 00:00:07 ; elapsed = 00:00:08 . Memory (MB): peak = 499.301 ; gain = 153.281
---------------------------------------------------------------------------------
INFO: [Netlist 29-17] Analyzing 1 Unisim elements for replacement
INFO: [Netlist 29-28] Unisim Transformation completed in 0 CPU seconds
INFO: [Device 21-403] Loading part xc7a50tfgg484-3
INFO: [Project 1-570] Preparing netlist for logic optimization

Processing XDC Constraints
Initializing timing engine
Parsing XDC File [c:/Users/Chris/Desktop/Research/Boost_Control/Boost_Control.srcs/sources_1/ip/clk_wiz_0/clk_wiz_0/clk_wiz_0_in_context.xdc] for cell 'inst0'
Finished Parsing XDC File [c:/Users/Chris/Desktop/Research/Boost_Control/Boost_Control.srcs/sources_1/ip/clk_wiz_0/clk_wiz_0/clk_wiz_0_in_context.xdc] for cell 'inst0'
Parsing XDC File [C:/Users/Chris/Desktop/Research/Boost_Control/Boost_Control.srcs/constrs_1/imports/ADC_Controller_DAC/xem7010.xdc]
WARNING: [Vivado 12-584] No ports matched 'hi_muxsel'. [C:/Users/Chris/Desktop/Research/Boost_Control/Boost_Control.srcs/constrs_1/imports/ADC_Controller_DAC/xem7010.xdc:15]
WARNING: [Vivado 12-584] No ports matched 'hi_muxsel'. [C:/Users/Chris/Desktop/Research/Boost_Control/Boost_Control.srcs/constrs_1/imports/ADC_Controller_DAC/xem7010.xdc:16]
WARNING: [Vivado 12-584] No ports matched 'hi_in[0]'. [C:/Users/Chris/Desktop/Research/Boost_Control/Boost_Control.srcs/constrs_1/imports/ADC_Controller_DAC/xem7010.xdc:21]
WARNING: [Vivado 12-584] No ports matched 'hi_in[1]'. [C:/Users/Chris/Desktop/Research/Boost_Control/Boost_Control.srcs/constrs_1/imports/ADC_Controller_DAC/xem7010.xdc:22]
WARNING: [Vivado 12-584] No ports matched 'hi_in[2]'. [C:/Users/Chris/Desktop/Research/Boost_Control/Boost_Control.srcs/constrs_1/imports/ADC_Controller_DAC/xem7010.xdc:23]
WARNING: [Vivado 12-584] No ports matched 'hi_in[3]'. [C:/Users/Chris/Desktop/Research/Boost_Control/Boost_Control.srcs/constrs_1/imports/ADC_Controller_DAC/xem7010.xdc:24]
WARNING: [Vivado 12-584] No ports matched 'hi_in[4]'. [C:/Users/Chris/Desktop/Research/Boost_Control/Boost_Control.srcs/constrs_1/imports/ADC_Controller_DAC/xem7010.xdc:25]
WARNING: [Vivado 12-584] No ports matched 'hi_in[5]'. [C:/Users/Chris/Desktop/Research/Boost_Control/Boost_Control.srcs/constrs_1/imports/ADC_Controller_DAC/xem7010.xdc:26]
WARNING: [Vivado 12-584] No ports matched 'hi_in[6]'. [C:/Users/Chris/Desktop/Research/Boost_Control/Boost_Control.srcs/constrs_1/imports/ADC_Controller_DAC/xem7010.xdc:27]
WARNING: [Vivado 12-584] No ports matched 'hi_in[7]'. [C:/Users/Chris/Desktop/Research/Boost_Control/Boost_Control.srcs/constrs_1/imports/ADC_Controller_DAC/xem7010.xdc:28]
WARNING: [Vivado 12-584] No ports matched 'hi_in[*]'. [C:/Users/Chris/Desktop/Research/Boost_Control/Boost_Control.srcs/constrs_1/imports/ADC_Controller_DAC/xem7010.xdc:30]
WARNING: [Vivado 12-584] No ports matched 'hi_in[*]'. [C:/Users/Chris/Desktop/Research/Boost_Control/Boost_Control.srcs/constrs_1/imports/ADC_Controller_DAC/xem7010.xdc:31]
WARNING: [Vivado 12-584] No ports matched 'hi_out[0]'. [C:/Users/Chris/Desktop/Research/Boost_Control/Boost_Control.srcs/constrs_1/imports/ADC_Controller_DAC/xem7010.xdc:33]
WARNING: [Vivado 12-584] No ports matched 'hi_out[1]'. [C:/Users/Chris/Desktop/Research/Boost_Control/Boost_Control.srcs/constrs_1/imports/ADC_Controller_DAC/xem7010.xdc:34]
WARNING: [Vivado 12-584] No ports matched 'hi_out[*]'. [C:/Users/Chris/Desktop/Research/Boost_Control/Boost_Control.srcs/constrs_1/imports/ADC_Controller_DAC/xem7010.xdc:35]
WARNING: [Vivado 12-584] No ports matched 'hi_inout[0]'. [C:/Users/Chris/Desktop/Research/Boost_Control/Boost_Control.srcs/constrs_1/imports/ADC_Controller_DAC/xem7010.xdc:37]
WARNING: [Vivado 12-584] No ports matched 'hi_inout[1]'. [C:/Users/Chris/Desktop/Research/Boost_Control/Boost_Control.srcs/constrs_1/imports/ADC_Controller_DAC/xem7010.xdc:38]
WARNING: [Vivado 12-584] No ports matched 'hi_inout[2]'. [C:/Users/Chris/Desktop/Research/Boost_Control/Boost_Control.srcs/constrs_1/imports/ADC_Controller_DAC/xem7010.xdc:39]
WARNING: [Vivado 12-584] No ports matched 'hi_inout[3]'. [C:/Users/Chris/Desktop/Research/Boost_Control/Boost_Control.srcs/constrs_1/imports/ADC_Controller_DAC/xem7010.xdc:40]
WARNING: [Vivado 12-584] No ports matched 'hi_inout[4]'. [C:/Users/Chris/Desktop/Research/Boost_Control/Boost_Control.srcs/constrs_1/imports/ADC_Controller_DAC/xem7010.xdc:41]
WARNING: [Vivado 12-584] No ports matched 'hi_inout[5]'. [C:/Users/Chris/Desktop/Research/Boost_Control/Boost_Control.srcs/constrs_1/imports/ADC_Controller_DAC/xem7010.xdc:42]
WARNING: [Vivado 12-584] No ports matched 'hi_inout[6]'. [C:/Users/Chris/Desktop/Research/Boost_Control/Boost_Control.srcs/constrs_1/imports/ADC_Controller_DAC/xem7010.xdc:43]
WARNING: [Vivado 12-584] No ports matched 'hi_inout[7]'. [C:/Users/Chris/Desktop/Research/Boost_Control/Boost_Control.srcs/constrs_1/imports/ADC_Controller_DAC/xem7010.xdc:44]
WARNING: [Vivado 12-584] No ports matched 'hi_inout[8]'. [C:/Users/Chris/Desktop/Research/Boost_Control/Boost_Control.srcs/constrs_1/imports/ADC_Controller_DAC/xem7010.xdc:45]
WARNING: [Vivado 12-584] No ports matched 'hi_inout[9]'. [C:/Users/Chris/Desktop/Research/Boost_Control/Boost_Control.srcs/constrs_1/imports/ADC_Controller_DAC/xem7010.xdc:46]
WARNING: [Vivado 12-584] No ports matched 'hi_inout[10]'. [C:/Users/Chris/Desktop/Research/Boost_Control/Boost_Control.srcs/constrs_1/imports/ADC_Controller_DAC/xem7010.xdc:47]
WARNING: [Vivado 12-584] No ports matched 'hi_inout[11]'. [C:/Users/Chris/Desktop/Research/Boost_Control/Boost_Control.srcs/constrs_1/imports/ADC_Controller_DAC/xem7010.xdc:48]
WARNING: [Vivado 12-584] No ports matched 'hi_inout[12]'. [C:/Users/Chris/Desktop/Research/Boost_Control/Boost_Control.srcs/constrs_1/imports/ADC_Controller_DAC/xem7010.xdc:49]
WARNING: [Vivado 12-584] No ports matched 'hi_inout[13]'. [C:/Users/Chris/Desktop/Research/Boost_Control/Boost_Control.srcs/constrs_1/imports/ADC_Controller_DAC/xem7010.xdc:50]
WARNING: [Vivado 12-584] No ports matched 'hi_inout[14]'. [C:/Users/Chris/Desktop/Research/Boost_Control/Boost_Control.srcs/constrs_1/imports/ADC_Controller_DAC/xem7010.xdc:51]
WARNING: [Vivado 12-584] No ports matched 'hi_inout[15]'. [C:/Users/Chris/Desktop/Research/Boost_Control/Boost_Control.srcs/constrs_1/imports/ADC_Controller_DAC/xem7010.xdc:52]
WARNING: [Vivado 12-584] No ports matched 'hi_inout[*]'. [C:/Users/Chris/Desktop/Research/Boost_Control/Boost_Control.srcs/constrs_1/imports/ADC_Controller_DAC/xem7010.xdc:53]
WARNING: [Vivado 12-584] No ports matched 'hi_aa'. [C:/Users/Chris/Desktop/Research/Boost_Control/Boost_Control.srcs/constrs_1/imports/ADC_Controller_DAC/xem7010.xdc:55]
WARNING: [Vivado 12-584] No ports matched 'hi_aa'. [C:/Users/Chris/Desktop/Research/Boost_Control/Boost_Control.srcs/constrs_1/imports/ADC_Controller_DAC/xem7010.xdc:56]
WARNING: [Vivado 12-584] No ports matched 'hi_in[0]'. [C:/Users/Chris/Desktop/Research/Boost_Control/Boost_Control.srcs/constrs_1/imports/ADC_Controller_DAC/xem7010.xdc:59]
WARNING: [Vivado 12-627] No clocks matched 'okHostClk'. [C:/Users/Chris/Desktop/Research/Boost_Control/Boost_Control.srcs/constrs_1/imports/ADC_Controller_DAC/xem7010.xdc:61]
INFO: [Vivado 12-626] No clocks found. Please use 'create_clock' or 'create_generated_clock' command to create clocks. [C:/Users/Chris/Desktop/Research/Boost_Control/Boost_Control.srcs/constrs_1/imports/ADC_Controller_DAC/xem7010.xdc:61]
WARNING: [Vivado 12-584] No ports matched 'hi_inout[*]'. [C:/Users/Chris/Desktop/Research/Boost_Control/Boost_Control.srcs/constrs_1/imports/ADC_Controller_DAC/xem7010.xdc:61]
WARNING: [Vivado 12-627] No clocks matched 'okHostClk'. [C:/Users/Chris/Desktop/Research/Boost_Control/Boost_Control.srcs/constrs_1/imports/ADC_Controller_DAC/xem7010.xdc:62]
INFO: [Vivado 12-626] No clocks found. Please use 'create_clock' or 'create_generated_clock' command to create clocks. [C:/Users/Chris/Desktop/Research/Boost_Control/Boost_Control.srcs/constrs_1/imports/ADC_Controller_DAC/xem7010.xdc:62]
WARNING: [Vivado 12-584] No ports matched 'hi_inout[*]'. [C:/Users/Chris/Desktop/Research/Boost_Control/Boost_Control.srcs/constrs_1/imports/ADC_Controller_DAC/xem7010.xdc:62]
WARNING: [Vivado 12-584] No ports matched 'hi_inout[*]'. [C:/Users/Chris/Desktop/Research/Boost_Control/Boost_Control.srcs/constrs_1/imports/ADC_Controller_DAC/xem7010.xdc:63]
WARNING: [Vivado 12-627] No clocks matched 'okHostClk'. [C:/Users/Chris/Desktop/Research/Boost_Control/Boost_Control.srcs/constrs_1/imports/ADC_Controller_DAC/xem7010.xdc:65]
INFO: [Vivado 12-626] No clocks found. Please use 'create_clock' or 'create_generated_clock' command to create clocks. [C:/Users/Chris/Desktop/Research/Boost_Control/Boost_Control.srcs/constrs_1/imports/ADC_Controller_DAC/xem7010.xdc:65]
WARNING: [Vivado 12-584] No ports matched 'hi_in[*]'. [C:/Users/Chris/Desktop/Research/Boost_Control/Boost_Control.srcs/constrs_1/imports/ADC_Controller_DAC/xem7010.xdc:65]
WARNING: [Vivado 12-627] No clocks matched 'okHostClk'. [C:/Users/Chris/Desktop/Research/Boost_Control/Boost_Control.srcs/constrs_1/imports/ADC_Controller_DAC/xem7010.xdc:66]
INFO: [Vivado 12-626] No clocks found. Please use 'create_clock' or 'create_generated_clock' command to create clocks. [C:/Users/Chris/Desktop/Research/Boost_Control/Boost_Control.srcs/constrs_1/imports/ADC_Controller_DAC/xem7010.xdc:66]
WARNING: [Vivado 12-584] No ports matched 'hi_in[*]'. [C:/Users/Chris/Desktop/Research/Boost_Control/Boost_Control.srcs/constrs_1/imports/ADC_Controller_DAC/xem7010.xdc:66]
WARNING: [Vivado 12-584] No ports matched 'hi_in[*]'. [C:/Users/Chris/Desktop/Research/Boost_Control/Boost_Control.srcs/constrs_1/imports/ADC_Controller_DAC/xem7010.xdc:67]
WARNING: [Vivado 12-627] No clocks matched 'okHostClk'. [C:/Users/Chris/Desktop/Research/Boost_Control/Boost_Control.srcs/constrs_1/imports/ADC_Controller_DAC/xem7010.xdc:69]
INFO: [Vivado 12-626] No clocks found. Please use 'create_clock' or 'create_generated_clock' command to create clocks. [C:/Users/Chris/Desktop/Research/Boost_Control/Boost_Control.srcs/constrs_1/imports/ADC_Controller_DAC/xem7010.xdc:69]
WARNING: [Vivado 12-584] No ports matched 'hi_out[*]'. [C:/Users/Chris/Desktop/Research/Boost_Control/Boost_Control.srcs/constrs_1/imports/ADC_Controller_DAC/xem7010.xdc:69]
WARNING: [Vivado 12-627] No clocks matched 'okHostClk'. [C:/Users/Chris/Desktop/Research/Boost_Control/Boost_Control.srcs/constrs_1/imports/ADC_Controller_DAC/xem7010.xdc:71]
INFO: [Vivado 12-626] No clocks found. Please use 'create_clock' or 'create_generated_clock' command to create clocks. [C:/Users/Chris/Desktop/Research/Boost_Control/Boost_Control.srcs/constrs_1/imports/ADC_Controller_DAC/xem7010.xdc:71]
WARNING: [Vivado 12-584] No ports matched 'hi_inout[*]'. [C:/Users/Chris/Desktop/Research/Boost_Control/Boost_Control.srcs/constrs_1/imports/ADC_Controller_DAC/xem7010.xdc:71]
WARNING: [Vivado 12-584] No ports matched 'exp_flg_bar'. [C:/Users/Chris/Desktop/Research/Boost_Control/Boost_Control.srcs/constrs_1/imports/ADC_Controller_DAC/xem7010.xdc:80]
WARNING: [Vivado 12-584] No ports matched 'exp_flg_bar'. [C:/Users/Chris/Desktop/Research/Boost_Control/Boost_Control.srcs/constrs_1/imports/ADC_Controller_DAC/xem7010.xdc:81]
WARNING: [Vivado 12-584] No ports matched 'sat_flg'. [C:/Users/Chris/Desktop/Research/Boost_Control/Boost_Control.srcs/constrs_1/imports/ADC_Controller_DAC/xem7010.xdc:84]
WARNING: [Vivado 12-584] No ports matched 'sat_flg'. [C:/Users/Chris/Desktop/Research/Boost_Control/Boost_Control.srcs/constrs_1/imports/ADC_Controller_DAC/xem7010.xdc:85]
WARNING: [Vivado 12-584] No ports matched 'FF_clear_bar'. [C:/Users/Chris/Desktop/Research/Boost_Control/Boost_Control.srcs/constrs_1/imports/ADC_Controller_DAC/xem7010.xdc:88]
WARNING: [Vivado 12-584] No ports matched 'FF_clear_bar'. [C:/Users/Chris/Desktop/Research/Boost_Control/Boost_Control.srcs/constrs_1/imports/ADC_Controller_DAC/xem7010.xdc:89]
WARNING: [Vivado 12-584] No ports matched 'ctrl_ready_flg'. [C:/Users/Chris/Desktop/Research/Boost_Control/Boost_Control.srcs/constrs_1/imports/ADC_Controller_DAC/xem7010.xdc:92]
WARNING: [Vivado 12-584] No ports matched 'ctrl_ready_flg'. [C:/Users/Chris/Desktop/Research/Boost_Control/Boost_Control.srcs/constrs_1/imports/ADC_Controller_DAC/xem7010.xdc:93]
WARNING: [Vivado 12-584] No ports matched 'FF_preset_bar'. [C:/Users/Chris/Desktop/Research/Boost_Control/Boost_Control.srcs/constrs_1/imports/ADC_Controller_DAC/xem7010.xdc:96]
WARNING: [Vivado 12-584] No ports matched 'FF_preset_bar'. [C:/Users/Chris/Desktop/Research/Boost_Control/Boost_Control.srcs/constrs_1/imports/ADC_Controller_DAC/xem7010.xdc:97]
WARNING: [Vivado 12-584] No ports matched 'sw_on'. [C:/Users/Chris/Desktop/Research/Boost_Control/Boost_Control.srcs/constrs_1/imports/ADC_Controller_DAC/xem7010.xdc:100]
WARNING: [Vivado 12-584] No ports matched 'sw_on'. [C:/Users/Chris/Desktop/Research/Boost_Control/Boost_Control.srcs/constrs_1/imports/ADC_Controller_DAC/xem7010.xdc:101]
WARNING: [Vivado 12-584] No ports matched 'comp_edge'. [C:/Users/Chris/Desktop/Research/Boost_Control/Boost_Control.srcs/constrs_1/imports/ADC_Controller_DAC/xem7010.xdc:104]
WARNING: [Vivado 12-584] No ports matched 'comp_edge'. [C:/Users/Chris/Desktop/Research/Boost_Control/Boost_Control.srcs/constrs_1/imports/ADC_Controller_DAC/xem7010.xdc:105]
WARNING: [Vivado 12-584] No ports matched 'ctrl_start'. [C:/Users/Chris/Desktop/Research/Boost_Control/Boost_Control.srcs/constrs_1/imports/ADC_Controller_DAC/xem7010.xdc:108]
WARNING: [Vivado 12-584] No ports matched 'ctrl_start'. [C:/Users/Chris/Desktop/Research/Boost_Control/Boost_Control.srcs/constrs_1/imports/ADC_Controller_DAC/xem7010.xdc:109]
WARNING: [Vivado 12-584] No ports matched 'test'. [C:/Users/Chris/Desktop/Research/Boost_Control/Boost_Control.srcs/constrs_1/imports/ADC_Controller_DAC/xem7010.xdc:112]
WARNING: [Vivado 12-584] No ports matched 'test'. [C:/Users/Chris/Desktop/Research/Boost_Control/Boost_Control.srcs/constrs_1/imports/ADC_Controller_DAC/xem7010.xdc:113]
WARNING: [Vivado 12-584] No ports matched 'reset_in'. [C:/Users/Chris/Desktop/Research/Boost_Control/Boost_Control.srcs/constrs_1/imports/ADC_Controller_DAC/xem7010.xdc:116]
WARNING: [Vivado 12-584] No ports matched 'reset_in'. [C:/Users/Chris/Desktop/Research/Boost_Control/Boost_Control.srcs/constrs_1/imports/ADC_Controller_DAC/xem7010.xdc:117]
WARNING: [Vivado 12-584] No ports matched 'startup_in'. [C:/Users/Chris/Desktop/Research/Boost_Control/Boost_Control.srcs/constrs_1/imports/ADC_Controller_DAC/xem7010.xdc:120]
WARNING: [Vivado 12-584] No ports matched 'startup_in'. [C:/Users/Chris/Desktop/Research/Boost_Control/Boost_Control.srcs/constrs_1/imports/ADC_Controller_DAC/xem7010.xdc:121]
WARNING: [Vivado 12-584] No ports matched 'step_up_in'. [C:/Users/Chris/Desktop/Research/Boost_Control/Boost_Control.srcs/constrs_1/imports/ADC_Controller_DAC/xem7010.xdc:124]
WARNING: [Vivado 12-584] No ports matched 'step_up_in'. [C:/Users/Chris/Desktop/Research/Boost_Control/Boost_Control.srcs/constrs_1/imports/ADC_Controller_DAC/xem7010.xdc:125]
WARNING: [Vivado 12-584] No ports matched 'cnv_p'. [C:/Users/Chris/Desktop/Research/Boost_Control/Boost_Control.srcs/constrs_1/imports/ADC_Controller_DAC/xem7010.xdc:128]
WARNING: [Vivado 12-584] No ports matched 'cnv_p'. [C:/Users/Chris/Desktop/Research/Boost_Control/Boost_Control.srcs/constrs_1/imports/ADC_Controller_DAC/xem7010.xdc:129]
WARNING: [Vivado 12-584] No ports matched 'step_up'. [C:/Users/Chris/Desktop/Research/Boost_Control/Boost_Control.srcs/constrs_1/imports/ADC_Controller_DAC/xem7010.xdc:132]
WARNING: [Vivado 12-584] No ports matched 'step_up'. [C:/Users/Chris/Desktop/Research/Boost_Control/Boost_Control.srcs/constrs_1/imports/ADC_Controller_DAC/xem7010.xdc:133]
WARNING: [Vivado 12-584] No ports matched 'cnv_n'. [C:/Users/Chris/Desktop/Research/Boost_Control/Boost_Control.srcs/constrs_1/imports/ADC_Controller_DAC/xem7010.xdc:136]
WARNING: [Vivado 12-584] No ports matched 'cnv_n'. [C:/Users/Chris/Desktop/Research/Boost_Control/Boost_Control.srcs/constrs_1/imports/ADC_Controller_DAC/xem7010.xdc:137]
WARNING: [Vivado 12-584] No ports matched 'tl'. [C:/Users/Chris/Desktop/Research/Boost_Control/Boost_Control.srcs/constrs_1/imports/ADC_Controller_DAC/xem7010.xdc:140]
WARNING: [Vivado 12-584] No ports matched 'tl'. [C:/Users/Chris/Desktop/Research/Boost_Control/Boost_Control.srcs/constrs_1/imports/ADC_Controller_DAC/xem7010.xdc:141]
WARNING: [Vivado 12-584] No ports matched 'cntr_load'. [C:/Users/Chris/Desktop/Research/Boost_Control/Boost_Control.srcs/constrs_1/imports/ADC_Controller_DAC/xem7010.xdc:144]
WARNING: [Vivado 12-584] No ports matched 'cntr_load'. [C:/Users/Chris/Desktop/Research/Boost_Control/Boost_Control.srcs/constrs_1/imports/ADC_Controller_DAC/xem7010.xdc:145]
WARNING: [Vivado 12-584] No ports matched 'aclk_p'. [C:/Users/Chris/Desktop/Research/Boost_Control/Boost_Control.srcs/constrs_1/imports/ADC_Controller_DAC/xem7010.xdc:148]
WARNING: [Vivado 12-584] No ports matched 'aclk_p'. [C:/Users/Chris/Desktop/Research/Boost_Control/Boost_Control.srcs/constrs_1/imports/ADC_Controller_DAC/xem7010.xdc:149]
WARNING: [Vivado 12-584] No ports matched 'aclk_n'. [C:/Users/Chris/Desktop/Research/Boost_Control/Boost_Control.srcs/constrs_1/imports/ADC_Controller_DAC/xem7010.xdc:152]
WARNING: [Vivado 12-584] No ports matched 'aclk_n'. [C:/Users/Chris/Desktop/Research/Boost_Control/Boost_Control.srcs/constrs_1/imports/ADC_Controller_DAC/xem7010.xdc:153]
WARNING: [Vivado 12-584] No ports matched 'dco_p'. [C:/Users/Chris/Desktop/Research/Boost_Control/Boost_Control.srcs/constrs_1/imports/ADC_Controller_DAC/xem7010.xdc:156]
WARNING: [Vivado 12-584] No ports matched 'dco_p'. [C:/Users/Chris/Desktop/Research/Boost_Control/Boost_Control.srcs/constrs_1/imports/ADC_Controller_DAC/xem7010.xdc:157]
WARNING: [Vivado 12-584] No ports matched 'dco_n'. [C:/Users/Chris/Desktop/Research/Boost_Control/Boost_Control.srcs/constrs_1/imports/ADC_Controller_DAC/xem7010.xdc:160]
WARNING: [Vivado 12-584] No ports matched 'dco_n'. [C:/Users/Chris/Desktop/Research/Boost_Control/Boost_Control.srcs/constrs_1/imports/ADC_Controller_DAC/xem7010.xdc:161]
WARNING: [Vivado 12-584] No ports matched 'da_p'. [C:/Users/Chris/Desktop/Research/Boost_Control/Boost_Control.srcs/constrs_1/imports/ADC_Controller_DAC/xem7010.xdc:168]
WARNING: [Vivado 12-584] No ports matched 'da_p'. [C:/Users/Chris/Desktop/Research/Boost_Control/Boost_Control.srcs/constrs_1/imports/ADC_Controller_DAC/xem7010.xdc:169]
WARNING: [Vivado 12-584] No ports matched 'da_n'. [C:/Users/Chris/Desktop/Research/Boost_Control/Boost_Control.srcs/constrs_1/imports/ADC_Controller_DAC/xem7010.xdc:172]
WARNING: [Vivado 12-584] No ports matched 'da_n'. [C:/Users/Chris/Desktop/Research/Boost_Control/Boost_Control.srcs/constrs_1/imports/ADC_Controller_DAC/xem7010.xdc:173]
WARNING: [Vivado 12-584] No ports matched 'tp'. [C:/Users/Chris/Desktop/Research/Boost_Control/Boost_Control.srcs/constrs_1/imports/ADC_Controller_DAC/xem7010.xdc:176]
WARNING: [Vivado 12-584] No ports matched 'tp'. [C:/Users/Chris/Desktop/Research/Boost_Control/Boost_Control.srcs/constrs_1/imports/ADC_Controller_DAC/xem7010.xdc:177]
WARNING: [Vivado 12-584] No ports matched 'db_p'. [C:/Users/Chris/Desktop/Research/Boost_Control/Boost_Control.srcs/constrs_1/imports/ADC_Controller_DAC/xem7010.xdc:180]
WARNING: [Vivado 12-584] No ports matched 'db_p'. [C:/Users/Chris/Desktop/Research/Boost_Control/Boost_Control.srcs/constrs_1/imports/ADC_Controller_DAC/xem7010.xdc:181]
WARNING: [Vivado 12-584] No ports matched 'db_n'. [C:/Users/Chris/Desktop/Research/Boost_Control/Boost_Control.srcs/constrs_1/imports/ADC_Controller_DAC/xem7010.xdc:184]
WARNING: [Vivado 12-584] No ports matched 'db_n'. [C:/Users/Chris/Desktop/Research/Boost_Control/Boost_Control.srcs/constrs_1/imports/ADC_Controller_DAC/xem7010.xdc:185]
WARNING: [Vivado 12-584] No ports matched 'ctrl_2_dac[9]'. [C:/Users/Chris/Desktop/Research/Boost_Control/Boost_Control.srcs/constrs_1/imports/ADC_Controller_DAC/xem7010.xdc:188]
WARNING: [Vivado 12-584] No ports matched 'ctrl_2_dac[9]'. [C:/Users/Chris/Desktop/Research/Boost_Control/Boost_Control.srcs/constrs_1/imports/ADC_Controller_DAC/xem7010.xdc:189]
WARNING: [Vivado 12-584] No ports matched 'ctrl_2_dac[8]'. [C:/Users/Chris/Desktop/Research/Boost_Control/Boost_Control.srcs/constrs_1/imports/ADC_Controller_DAC/xem7010.xdc:192]
WARNING: [Vivado 12-584] No ports matched 'ctrl_2_dac[8]'. [C:/Users/Chris/Desktop/Research/Boost_Control/Boost_Control.srcs/constrs_1/imports/ADC_Controller_DAC/xem7010.xdc:193]
WARNING: [Vivado 12-584] No ports matched 'ctrl_2_dac[2]'. [C:/Users/Chris/Desktop/Research/Boost_Control/Boost_Control.srcs/constrs_1/imports/ADC_Controller_DAC/xem7010.xdc:196]
INFO: [Common 17-14] Message 'Vivado 12-584' appears 100 times and further instances of the messages will be disabled. Use the Tcl command set_msg_config to change the current settings. [C:/Users/Chris/Desktop/Research/Boost_Control/Boost_Control.srcs/constrs_1/imports/ADC_Controller_DAC/xem7010.xdc:196]
Finished Parsing XDC File [C:/Users/Chris/Desktop/Research/Boost_Control/Boost_Control.srcs/constrs_1/imports/ADC_Controller_DAC/xem7010.xdc]
WARNING: [Project 1-498] One or more constraints failed evaluation while reading constraint file [C:/Users/Chris/Desktop/Research/Boost_Control/Boost_Control.srcs/constrs_1/imports/ADC_Controller_DAC/xem7010.xdc] and the design contains unresolved black boxes. These constraints will be read post-synthesis (as long as their source constraint file is marked as used_in_implementation) and should be applied correctly then. You should review the constraints listed in the file [.Xil/preset_LFSR_propImpl.xdc] and check the run log file to verify that these constraints were correctly applied.
INFO: [Project 1-236] Implementation specific constraints were found while reading constraint file [C:/Users/Chris/Desktop/Research/Boost_Control/Boost_Control.srcs/constrs_1/imports/ADC_Controller_DAC/xem7010.xdc]. These constraints will be ignored for synthesis but will be used in implementation. Impacted constraints are listed in the file [.Xil/preset_LFSR_propImpl.xdc].
Resolution: To avoid this warning, move constraints listed in [.Xil/preset_LFSR_propImpl.xdc] to another XDC file and exclude this new file from synthesis with the used_in_synthesis property (File Properties dialog in GUI) and re-run elaboration/synthesis.
Parsing XDC File [C:/Users/Chris/Desktop/Research/Boost_Control/Boost_Control.runs/synth_1/dont_touch.xdc]
Finished Parsing XDC File [C:/Users/Chris/Desktop/Research/Boost_Control/Boost_Control.runs/synth_1/dont_touch.xdc]
Completed Processing XDC Constraints

INFO: [Project 1-111] Unisim Transformation Summary:
No Unisim elements were transformed.

Constraint Validation Runtime : Time (s): cpu = 00:00:00 ; elapsed = 00:00:00.007 . Memory (MB): peak = 816.281 ; gain = 0.000
---------------------------------------------------------------------------------
Finished Constraint Validation : Time (s): cpu = 00:00:20 ; elapsed = 00:00:23 . Memory (MB): peak = 816.281 ; gain = 470.262
---------------------------------------------------------------------------------
---------------------------------------------------------------------------------
Start Loading Part and Timing Information
---------------------------------------------------------------------------------
Loading part: xc7a50tfgg484-3
---------------------------------------------------------------------------------
Finished Loading Part and Timing Information : Time (s): cpu = 00:00:20 ; elapsed = 00:00:23 . Memory (MB): peak = 816.281 ; gain = 470.262
---------------------------------------------------------------------------------
---------------------------------------------------------------------------------
Start Applying 'set_property' XDC Constraints
---------------------------------------------------------------------------------
Applied set_property DONT_TOUCH = true for inst0. (constraint file  auto generated constraint, line ).
---------------------------------------------------------------------------------
Finished applying 'set_property' XDC Constraints : Time (s): cpu = 00:00:20 ; elapsed = 00:00:23 . Memory (MB): peak = 816.281 ; gain = 470.262
---------------------------------------------------------------------------------
---------------------------------------------------------------------------------
Finished RTL Optimization Phase 2 : Time (s): cpu = 00:00:20 ; elapsed = 00:00:23 . Memory (MB): peak = 816.281 ; gain = 470.262
---------------------------------------------------------------------------------

Report RTL Partitions: 
+-+--------------+------------+----------+
| |RTL Partition |Replication |Instances |
+-+--------------+------------+----------+
+-+--------------+------------+----------+
---------------------------------------------------------------------------------
Start RTL Component Statistics 
---------------------------------------------------------------------------------
Detailed RTL Component Info : 
+---XORs : 
	   4 Input      1 Bit         XORs := 1     
+---Registers : 
	               24 Bit    Registers := 1     
---------------------------------------------------------------------------------
Finished RTL Component Statistics 
---------------------------------------------------------------------------------
---------------------------------------------------------------------------------
Start RTL Hierarchical Component Statistics 
---------------------------------------------------------------------------------
Hierarchical RTL Component report 
Module LFSR 
Detailed RTL Component Info : 
+---XORs : 
	   4 Input      1 Bit         XORs := 1     
+---Registers : 
	               24 Bit    Registers := 1     
---------------------------------------------------------------------------------
Finished RTL Hierarchical Component Statistics
---------------------------------------------------------------------------------
---------------------------------------------------------------------------------
Start Part Resource Summary
---------------------------------------------------------------------------------
Part Resources:
DSPs: 120 (col length:60)
BRAMs: 150 (col length: RAMB18 60 RAMB36 30)
---------------------------------------------------------------------------------
Finished Part Resource Summary
---------------------------------------------------------------------------------
---------------------------------------------------------------------------------
Start Cross Boundary and Area Optimization
---------------------------------------------------------------------------------
Warning: Parallel synthesis criteria is not met 
---------------------------------------------------------------------------------
Finished Cross Boundary and Area Optimization : Time (s): cpu = 00:00:20 ; elapsed = 00:00:24 . Memory (MB): peak = 816.281 ; gain = 470.262
---------------------------------------------------------------------------------

Report RTL Partitions: 
+-+--------------+------------+----------+
| |RTL Partition |Replication |Instances |
+-+--------------+------------+----------+
+-+--------------+------------+----------+
---------------------------------------------------------------------------------
Start Applying XDC Timing Constraints
---------------------------------------------------------------------------------
INFO: [Synth 8-5578] Moved timing constraint from pin 'inst0/clk_in1' to pin 'IBUFDS_inst0/O'
INFO: [Synth 8-5578] Moved timing constraint from pin 'inst0/clk_out1' to pin 'inst0/bbstub_clk_out1/O'
INFO: [Synth 8-5783] Moving clock source from hierarchical pin 'inst0/clk_in1' to 'IBUFDS_inst0/O'
INFO: [Synth 8-5819] Moved 2 constraints on hierarchical pins to their respective driving/loading pins
---------------------------------------------------------------------------------
Finished Applying XDC Timing Constraints : Time (s): cpu = 00:00:31 ; elapsed = 00:00:36 . Memory (MB): peak = 816.281 ; gain = 470.262
---------------------------------------------------------------------------------
---------------------------------------------------------------------------------
Start Timing Optimization
---------------------------------------------------------------------------------
---------------------------------------------------------------------------------
Finished Timing Optimization : Time (s): cpu = 00:00:31 ; elapsed = 00:00:36 . Memory (MB): peak = 816.281 ; gain = 470.262
---------------------------------------------------------------------------------

Report RTL Partitions: 
+-+--------------+------------+----------+
| |RTL Partition |Replication |Instances |
+-+--------------+------------+----------+
+-+--------------+------------+----------+
---------------------------------------------------------------------------------
Start Technology Mapping
---------------------------------------------------------------------------------
---------------------------------------------------------------------------------
Finished Technology Mapping : Time (s): cpu = 00:00:31 ; elapsed = 00:00:36 . Memory (MB): peak = 824.246 ; gain = 478.227
---------------------------------------------------------------------------------

Report RTL Partitions: 
+-+--------------+------------+----------+
| |RTL Partition |Replication |Instances |
+-+--------------+------------+----------+
+-+--------------+------------+----------+
---------------------------------------------------------------------------------
Start IO Insertion
---------------------------------------------------------------------------------
---------------------------------------------------------------------------------
Start Flattening Before IO Insertion
---------------------------------------------------------------------------------
---------------------------------------------------------------------------------
Finished Flattening Before IO Insertion
---------------------------------------------------------------------------------
---------------------------------------------------------------------------------
Start Final Netlist Cleanup
---------------------------------------------------------------------------------
---------------------------------------------------------------------------------
Finished Final Netlist Cleanup
---------------------------------------------------------------------------------
---------------------------------------------------------------------------------
Finished IO Insertion : Time (s): cpu = 00:00:32 ; elapsed = 00:00:37 . Memory (MB): peak = 824.246 ; gain = 478.227
---------------------------------------------------------------------------------

Report Check Netlist: 
+------+------------------+-------+---------+-------+------------------+
|      |Item              |Errors |Warnings |Status |Description       |
+------+------------------+-------+---------+-------+------------------+
|1     |multi_driven_nets |      0|        0|Passed |Multi driven nets |
+------+------------------+-------+---------+-------+------------------+
---------------------------------------------------------------------------------
Start Renaming Generated Instances
---------------------------------------------------------------------------------
---------------------------------------------------------------------------------
Finished Renaming Generated Instances : Time (s): cpu = 00:00:32 ; elapsed = 00:00:37 . Memory (MB): peak = 824.246 ; gain = 478.227
---------------------------------------------------------------------------------

Report RTL Partitions: 
+-+--------------+------------+----------+
| |RTL Partition |Replication |Instances |
+-+--------------+------------+----------+
+-+--------------+------------+----------+
---------------------------------------------------------------------------------
Start Rebuilding User Hierarchy
---------------------------------------------------------------------------------
---------------------------------------------------------------------------------
Finished Rebuilding User Hierarchy : Time (s): cpu = 00:00:32 ; elapsed = 00:00:37 . Memory (MB): peak = 824.246 ; gain = 478.227
---------------------------------------------------------------------------------
---------------------------------------------------------------------------------
Start Renaming Generated Ports
---------------------------------------------------------------------------------
---------------------------------------------------------------------------------
Finished Renaming Generated Ports : Time (s): cpu = 00:00:32 ; elapsed = 00:00:37 . Memory (MB): peak = 824.246 ; gain = 478.227
---------------------------------------------------------------------------------
---------------------------------------------------------------------------------
Start Handling Custom Attributes
---------------------------------------------------------------------------------
---------------------------------------------------------------------------------
Finished Handling Custom Attributes : Time (s): cpu = 00:00:32 ; elapsed = 00:00:37 . Memory (MB): peak = 824.246 ; gain = 478.227
---------------------------------------------------------------------------------
---------------------------------------------------------------------------------
Start Renaming Generated Nets
---------------------------------------------------------------------------------
---------------------------------------------------------------------------------
Finished Renaming Generated Nets : Time (s): cpu = 00:00:32 ; elapsed = 00:00:37 . Memory (MB): peak = 824.246 ; gain = 478.227
---------------------------------------------------------------------------------
---------------------------------------------------------------------------------
Start ROM, RAM, DSP and Shift Register Reporting
---------------------------------------------------------------------------------

Static Shift Register Report:
+------------+-------------------+--------+-------+--------------+--------------------+-------------------+--------+---------+
|Module Name | RTL Name          | Length | Width | Reset Signal | Pull out first Reg | Pull out last Reg | SRL16E | SRLC32E | 
+------------+-------------------+--------+-------+--------------+--------------------+-------------------+--------+---------+
|preset_LFSR | inst1/lfsr_reg[8] | 4      | 1     | YES          | NO                 | YES               | 1      | 0       | 
+------------+-------------------+--------+-------+--------------+--------------------+-------------------+--------+---------+

---------------------------------------------------------------------------------
Finished ROM, RAM, DSP and Shift Register Reporting
---------------------------------------------------------------------------------
---------------------------------------------------------------------------------
Start Writing Synthesis Report
---------------------------------------------------------------------------------

Report BlackBoxes: 
+------+--------------+----------+
|      |BlackBox name |Instances |
+------+--------------+----------+
|1     |clk_wiz_0     |         1|
+------+--------------+----------+

Report Cell Usage: 
+------+----------+------+
|      |Cell      |Count |
+------+----------+------+
|1     |clk_wiz_0 |     1|
|2     |LUT2      |     1|
|3     |LUT4      |     1|
|4     |SRL16E    |     1|
|5     |FDRE      |     8|
|6     |FDSE      |    17|
|7     |IBUF      |     1|
|8     |IBUFDS    |     1|
|9     |OBUF      |     2|
+------+----------+------+

Report Instance Areas: 
+------+---------+-------+------+
|      |Instance |Module |Cells |
+------+---------+-------+------+
|1     |top      |       |    33|
|2     |  inst1  |LFSR   |    28|
+------+---------+-------+------+
---------------------------------------------------------------------------------
Finished Writing Synthesis Report : Time (s): cpu = 00:00:32 ; elapsed = 00:00:37 . Memory (MB): peak = 824.246 ; gain = 478.227
---------------------------------------------------------------------------------
Synthesis finished with 0 errors, 0 critical warnings and 0 warnings.
Synthesis Optimization Runtime : Time (s): cpu = 00:00:18 ; elapsed = 00:00:27 . Memory (MB): peak = 824.246 ; gain = 161.246
Synthesis Optimization Complete : Time (s): cpu = 00:00:32 ; elapsed = 00:00:37 . Memory (MB): peak = 824.246 ; gain = 478.227
INFO: [Project 1-571] Translating synthesized netlist
INFO: [Netlist 29-17] Analyzing 2 Unisim elements for replacement
INFO: [Netlist 29-28] Unisim Transformation completed in 0 CPU seconds
INFO: [Project 1-570] Preparing netlist for logic optimization
INFO: [Opt 31-138] Pushed 0 inverter(s) to 0 load pin(s).
INFO: [Project 1-111] Unisim Transformation Summary:
No Unisim elements were transformed.

INFO: [Common 17-83] Releasing license: Synthesis
33 Infos, 107 Warnings, 0 Critical Warnings and 0 Errors encountered.
synth_design completed successfully
synth_design: Time (s): cpu = 00:00:34 ; elapsed = 00:00:40 . Memory (MB): peak = 836.680 ; gain = 502.133
INFO: [Common 17-1381] The checkpoint 'C:/Users/Chris/Desktop/Research/Boost_Control/Boost_Control.runs/synth_1/preset_LFSR.dcp' has been generated.
INFO: [runtcl-4] Executing : report_utilization -file preset_LFSR_utilization_synth.rpt -pb preset_LFSR_utilization_synth.pb
report_utilization: Time (s): cpu = 00:00:00 ; elapsed = 00:00:00.065 . Memory (MB): peak = 836.680 ; gain = 0.000
INFO: [Common 17-206] Exiting Vivado at Tue Jul 24 09:19:38 2018...
